-------------------------------------------------------------------------------
Test set: test.java.game.items.view.OggettoTest
-------------------------------------------------------------------------------
Tests run: 1, Failures: 0, Errors: 1, Skipped: 0, Time elapsed: 0 s <<< FAILURE! - in test.java.game.items.view.OggettoTest
test.java.game.items.view.OggettoTest  Time elapsed: 0 s  <<< ERROR!
org.junit.platform.commons.PreconditionViolationException: Class [test.java.game.items.view.OggettoTest] must declare a single constructor

