<?xml version="1.0" encoding="UTF-8"?>
<testsuite xmlns:xsi="http://www.w3.org/2001/XMLSchema-instance" xsi:noNamespaceSchemaLocation="https://maven.apache.org/surefire/maven-surefire-plugin/xsd/surefire-test-report-3.0.xsd" version="3.0" name="test.java.interfaccia.frameBlocks.BarraStrumentiTest" time="0.196" tests="4" errors="2" skipped="0" failures="0">
  <properties>
[...]
</properties>
  <testcase name="testBarraStrumentiInitialization" classname="test.java.interfaccia.frameBlocks.BarraStrumentiTest" time="0.002"/>
  <testcase name="testAffermativoButtonAction" classname="test.java.interfaccia.frameBlocks.BarraStrumentiTest" time="0.008">
    <error type="java.lang.ArrayIndexOutOfBoundsException"><![CDATA[java.lang.ArrayIndexOutOfBoundsException: Index 0 out of bounds for length 0
	at test.java.interfaccia.frameBlocks.BarraStrumentiTest.testAffermativoButtonAction(BarraStrumentiTest.java:40)
]]></error>
  </testcase>
  <testcase name="testNegativoButtonAction" classname="test.java.interfaccia.frameBlocks.BarraStrumentiTest" time="0.003">
    <error type="java.lang.ArrayIndexOutOfBoundsException"><![CDATA[java.lang.ArrayIndexOutOfBoundsException: Index 0 out of bounds for length 0
	at test.java.interfaccia.frameBlocks.BarraStrumentiTest.testNegativoButtonAction(BarraStrumentiTest.java:49)
]]></error>
  </testcase>
  <testcase name="testInputFieldInitialization" classname="test.java.interfaccia.frameBlocks.BarraStrumentiTest" time="0.007"/>
</testsuite>