-------------------------------------------------------------------------------
Test set: test.java.interfaccia.framesFight.FrameFightTest
-------------------------------------------------------------------------------
Tests run: 2, Failures: 0, Errors: 2, Skipped: 0, Time elapsed: 0.006 s <<< FAILURE! - in test.java.interfaccia.framesFight.FrameFightTest
test.java.interfaccia.framesFight.FrameFightTest.testFrameFightInitialization  Time elapsed: 0.001 s  <<< ERROR!
org.junit.jupiter.api.extension.ParameterResolutionException: No ParameterResolver registered for parameter [game.character.player.Giocatore arg0] in constructor [public test.java.interfaccia.framesFight.FrameFightTest(game.character.player.Giocatore)].

test.java.interfaccia.framesFight.FrameFightTest.testFrameSettings  Time elapsed: 0 s  <<< ERROR!
org.junit.jupiter.api.extension.ParameterResolutionException: No ParameterResolver registered for parameter [game.character.player.Giocatore arg0] in constructor [public test.java.interfaccia.framesFight.FrameFightTest(game.character.player.Giocatore)].

