-------------------------------------------------------------------------------
Test set: test.java.interfaccia.multimedia.ImagePanelTest
-------------------------------------------------------------------------------
Tests run: 1, Failures: 0, Errors: 1, Skipped: 0, Time elapsed: 0 s <<< FAILURE! - in test.java.interfaccia.multimedia.ImagePanelTest
test.java.interfaccia.multimedia.ImagePanelTest  Time elapsed: 0 s  <<< ERROR!
org.junit.platform.commons.PreconditionViolationException: Class [test.java.interfaccia.multimedia.ImagePanelTest] must declare a single constructor

