-------------------------------------------------------------------------------
Test set: test.java.game.PosizioneTest
-------------------------------------------------------------------------------
Tests run: 1, Failures: 0, Errors: 1, Skipped: 0, Time elapsed: 0.001 s <<< FAILURE! - in test.java.game.PosizioneTest
test.java.game.PosizioneTest  Time elapsed: 0.001 s  <<< ERROR!
org.junit.platform.commons.PreconditionViolationException: Class [test.java.game.PosizioneTest] must declare a single constructor

